<?xml version="1.0" encoding="UTF-8"?>
<!-- Generated by org.testng.reporters.JUnitReportReporter -->
<testsuite hostname="admin-PC" failures="0" tests="1" name="coverFoxTest.CF_TC556_ValidatePincodeErrorMassage" time="48.346" errors="0" timestamp="2024-01-09T16:26:42 IST" skipped="0">
  <testcase classname="coverFoxTest.CF_TC556_ValidatePincodeErrorMassage" name="validateErrorMassage" time="48.346"/>
  <system-out>
    <![CDATA[Launching browser 
clicking on gender button
clicking on next button
Handling age drop down
Reading data from excelSheet
clicking on next button
Entering pin code
Reading data from excelSheet
Entering mobile num
Reading data from excelSheet
clicking on continue button
fetching number of result from text
fetching number of result from Banners
TC is passed
Taking ScreenShot
Saved ScreenShot atC:\Users\admin\Desktop\SreenShot\coverfoxCF_TC555_2024.01.09.16.23.56.png
Closing browser 
Launching browser 
clicking on gender button
clicking on next button
Handling age drop down
Reading data from excelSheet
clicking on next button
Entering mobile num
Reading data from excelSheet
clicking on continue button]]>
  </system-out>
</testsuite> <!-- coverFoxTest.CF_TC556_ValidatePincodeErrorMassage -->
