<?xml version="1.0" encoding="UTF-8"?>
<!-- Generated by org.testng.reporters.JUnitReportReporter -->
<testsuite hostname="admin-PC" failures="0" tests="1" name="coverFoxTest.CF_TC555_Validate_search_results_for_healthcare_policies" time="87.330" errors="0" timestamp="2024-02-21T15:00:12 IST" skipped="0">
  <testcase classname="coverFoxTest.CF_TC555_Validate_search_results_for_healthcare_policies" name="validateTestPlanFromTextAndBanners" time="87.330"/>
  <system-out>
    <![CDATA[fetching number of result from text
fetching number of result from Banners
TC is passed
Taking ScreenShot
Saved ScreenShot atC:\Users\admin\Desktop\SreenShot\coverfoxCF_TC555_2024.02.21.14.59.53.png]]>
  </system-out>
</testsuite> <!-- coverFoxTest.CF_TC555_Validate_search_results_for_healthcare_policies -->
